[2025-05-13 11:18:37] INFO ➜ Command "/user-info" dijalankan oleh minuettaro (454629351607107595)
[2025-05-13 11:18:38] INFO ➜ ✅ Berhasil menjalankan "/user-info"
[2025-05-13 11:19:14] INFO ➜ Registering slash commands...
[2025-05-13 11:19:25] INFO ➜ Registering slash commands...
[2025-05-13 11:19:37] INFO ➜ Registering slash commands...
[2025-05-13 11:19:37] INFO ➜ Slash commands registered!
[2025-05-13 11:20:04] INFO ➜ Registering slash commands...
[2025-05-13 11:20:04] INFO ➜ Slash commands registered!
[2025-05-13 11:20:06] INFO ➜ 🤖 Logged in as Josephine#6260
[2025-05-13 11:20:15] INFO ➜ Command "/ping" executed by minuettaro (454629351607107595)
[2025-05-13 11:20:15] INFO ➜ ✅ Success executing command "/ping"
[2025-05-13 11:24:04] INFO ➜ Registering slash commands...
[2025-05-13 11:24:05] INFO ➜ Slash commands registered!
[2025-05-13 11:24:06] INFO ➜ 🤖 Logged in as Josephine#6260
[2025-05-13 11:24:54] INFO ➜ Registering slash commands...
[2025-05-13 11:24:54] INFO ➜ Slash commands registered!
[2025-05-13 11:24:56] INFO ➜ 🤖 Logged in as Josephine#6260
[2025-05-13 11:26:27] INFO ➜ Command "/ping" executed by minuettaro (454629351607107595)
[2025-05-13 13:48:46] INFO ➜ Registering slash commands...
[2025-05-13 13:48:48] INFO ➜ 🤖 Logged in as Skyfel#4587
[2025-05-13 13:49:08] INFO ➜ Registering slash commands...
[2025-05-13 13:49:10] INFO ➜ 🤖 Logged in as Skyfel#4587
[2025-05-13 13:50:27] INFO ➜ Registering slash commands...
[2025-05-13 13:50:28] INFO ➜ Slash commands registered!
[2025-05-13 13:50:29] INFO ➜ 🤖 Logged in as Skyfel#4587
[2025-05-13 13:51:04] INFO ➜ Command "/ping" executed by minuettaro (454629351607107595)
[2025-05-13 13:51:04] INFO ➜ ✅ Success executing command "/ping"
[2025-05-13 13:51:26] INFO ➜ Registering slash commands...
[2025-05-13 13:51:27] INFO ➜ Slash commands registered!
[2025-05-13 13:51:29] INFO ➜ 🤖 Logged in as Skyfel#4587
[2025-05-13 13:51:35] INFO ➜ Command "/ping" executed by minuettaro (454629351607107595)
[2025-05-13 13:51:35] INFO ➜ ✅ Success executing command "/ping"
[2025-05-13 14:03:49] INFO ➜ Registering slash commands...
[2025-05-13 14:03:56] INFO ➜ Registering slash commands...
[2025-05-13 14:03:56] INFO ➜ Slash commands registered!
[2025-05-13 14:03:58] INFO ➜ 🤖 Logged in as Skyfel#4587
[2025-05-13 14:04:20] INFO ➜ Command "/match" executed by minuettaro (454629351607107595)
[2025-05-13 14:04:20] INFO ➜ ✅ Success executing command "/match"
[2025-05-13 14:04:55] INFO ➜ Command "/match" executed by minuettaro (454629351607107595)
[2025-05-13 14:04:56] INFO ➜ ✅ Success executing command "/match"
[2025-05-13 14:05:24] INFO ➜ Registering slash commands...
[2025-05-13 14:05:25] INFO ➜ Slash commands registered!
[2025-05-13 14:05:26] INFO ➜ 🤖 Logged in as Skyfel#4587
[2025-05-13 14:05:31] INFO ➜ Command "/match" executed by minuettaro (454629351607107595)
[2025-05-13 14:05:32] INFO ➜ ✅ Success executing command "/match"
[2025-05-13 14:05:41] INFO ➜ Command "/match" executed by minuettaro (454629351607107595)
[2025-05-13 14:05:41] INFO ➜ ✅ Success executing command "/match"
[2025-05-13 14:08:07] INFO ➜ Registering slash commands...
[2025-05-13 14:08:07] INFO ➜ Slash commands registered!
[2025-05-13 14:08:09] INFO ➜ 🤖 Logged in as Skyfel#4587
[2025-05-13 14:08:16] INFO ➜ Registering slash commands...
[2025-05-13 14:08:17] INFO ➜ Slash commands registered!
[2025-05-13 14:08:18] INFO ➜ 🤖 Logged in as Skyfel#4587
[2025-05-13 14:08:22] INFO ➜ Command "/match" executed by minuettaro (454629351607107595)
[2025-05-13 14:08:23] INFO ➜ ✅ Success executing command "/match"
[2025-05-13 14:08:28] INFO ➜ Command "/match" executed by minuettaro (454629351607107595)
[2025-05-13 14:08:29] INFO ➜ ✅ Success executing command "/match"
[2025-05-13 14:09:03] INFO ➜ Command "/match" executed by minuettaro (454629351607107595)
[2025-05-13 14:09:03] INFO ➜ ✅ Success executing command "/match"
[2025-05-13 14:09:12] INFO ➜ Command "/match" executed by minuettaro (454629351607107595)
[2025-05-13 14:09:12] INFO ➜ ✅ Success executing command "/match"
[2025-05-13 14:10:34] INFO ➜ Registering slash commands...
[2025-05-13 14:10:35] INFO ➜ Slash commands registered!
[2025-05-13 14:10:38] INFO ➜ Registering slash commands...
[2025-05-13 14:10:39] INFO ➜ Slash commands registered!
[2025-05-13 14:10:40] INFO ➜ 🤖 Logged in as Skyfel#4587
[2025-05-13 14:10:41] INFO ➜ Command "/match" executed by minuettaro (454629351607107595)
[2025-05-13 14:10:41] INFO ➜ ✅ Success executing command "/match"
[2025-05-13 14:10:47] INFO ➜ Command "/match" executed by minuettaro (454629351607107595)
[2025-05-13 14:10:48] INFO ➜ ✅ Success executing command "/match"
[2025-05-13 14:11:17] INFO ➜ Registering slash commands...
[2025-05-13 14:11:18] INFO ➜ Slash commands registered!
[2025-05-13 14:11:19] INFO ➜ 🤖 Logged in as Skyfel#4587
[2025-05-13 14:11:20] INFO ➜ Command "/match" executed by minuettaro (454629351607107595)
[2025-05-13 14:11:21] INFO ➜ ✅ Success executing command "/match"
[2025-05-13 14:11:26] INFO ➜ Command "/match" executed by minuettaro (454629351607107595)
[2025-05-13 14:11:26] INFO ➜ ✅ Success executing command "/match"
[2025-05-13 14:42:25] INFO ➜ Registering slash commands...
[2025-05-13 14:42:25] INFO ➜ Slash commands registered!
[2025-05-13 14:42:27] INFO ➜ 🤖 Logged in as Skyfel#4587
[2025-05-13 14:42:37] INFO ➜ Registering slash commands...
[2025-05-13 14:42:38] INFO ➜ Slash commands registered!
[2025-05-13 14:42:39] INFO ➜ 🤖 Logged in as Skyfel#4587
[2025-05-13 14:43:51] INFO ➜ Registering slash commands...
[2025-05-13 14:43:51] INFO ➜ Slash commands registered!
[2025-05-13 14:43:53] INFO ➜ 🤖 Logged in as Skyfel#4587
[2025-05-13 14:44:15] INFO ➜ Registering slash commands...
[2025-05-13 14:44:16] INFO ➜ Slash commands registered!
[2025-05-13 14:44:18] INFO ➜ 🤖 Logged in as Skyfel#4587
[2025-05-13 14:44:38] INFO ➜ Registering slash commands...
[2025-05-13 14:44:38] INFO ➜ Slash commands registered!
[2025-05-13 14:44:40] INFO ➜ 🤖 Logged in as Skyfel#4587
[2025-05-13 14:44:46] INFO ➜ Registering slash commands...
[2025-05-13 14:45:08] INFO ➜ Registering slash commands...
[2025-05-13 14:45:09] INFO ➜ Slash commands registered!
[2025-05-13 14:45:10] INFO ➜ 🤖 Logged in as Skyfel#4587
[2025-05-13 14:45:18] INFO ➜ Registering slash commands...
[2025-05-13 14:45:31] INFO ➜ Registering slash commands...
[2025-05-13 14:45:32] INFO ➜ Slash commands registered!
[2025-05-13 14:45:33] INFO ➜ 🤖 Logged in as Skyfel#4587
[2025-05-13 14:46:08] INFO ➜ Registering slash commands...
[2025-05-13 14:46:08] INFO ➜ Slash commands registered!
[2025-05-13 14:46:10] INFO ➜ 🤖 Logged in as Skyfel#4587
[2025-05-13 14:46:22] INFO ➜ Registering slash commands...
[2025-05-13 14:46:23] INFO ➜ Slash commands registered!
[2025-05-13 14:46:25] INFO ➜ 🤖 Logged in as Skyfel#4587
[2025-05-13 14:46:47] INFO ➜ Command "/would-you-rather" executed by minuettaro (454629351607107595)
[2025-05-13 14:46:48] INFO ➜ ✅ Success executing command "/would-you-rather"
[2025-05-13 14:50:03] INFO ➜ Registering slash commands...
[2025-05-13 14:50:03] INFO ➜ Slash commands registered!
[2025-05-13 14:50:05] INFO ➜ 🤖 Logged in as Skyfel#4587
[2025-05-13 14:50:06] INFO ➜ Command "/would-you-rather" executed by minuettaro (454629351607107595)
[2025-05-13 14:50:06] INFO ➜ ✅ Success executing command "/would-you-rather"
[2025-05-13 14:50:41] INFO ➜ Registering slash commands...
[2025-05-13 14:50:42] INFO ➜ Slash commands registered!
[2025-05-13 14:50:45] INFO ➜ Registering slash commands...
[2025-05-13 14:50:46] INFO ➜ Slash commands registered!
[2025-05-13 14:50:47] INFO ➜ 🤖 Logged in as Skyfel#4587
[2025-05-13 14:51:02] INFO ➜ Command "/would-you-rather" executed by minuettaro (454629351607107595)
[2025-05-13 14:51:03] INFO ➜ ✅ Success executing command "/would-you-rather"
[2025-05-13 14:51:17] INFO ➜ Command "/help" executed by minuettaro (454629351607107595)
[2025-05-13 14:51:17] INFO ➜ ✅ Success executing command "/help"
[2025-05-13 14:51:39] INFO ➜ Registering slash commands...
[2025-05-13 14:51:39] INFO ➜ Slash commands registered!
[2025-05-13 14:51:41] INFO ➜ 🤖 Logged in as Skyfel#4587
[2025-05-13 15:05:26] INFO ➜ Registering slash commands...
[2025-05-13 15:05:27] INFO ➜ Slash commands registered!
[2025-05-13 15:05:28] INFO ➜ 🤖 Logged in as Skyfel#4587
[2025-05-13 15:07:48] INFO ➜ Registering slash commands...
[2025-05-13 15:07:49] INFO ➜ Slash commands registered!
[2025-05-13 15:07:50] INFO ➜ 🤖 Logged in as Skyfel#4587
[2025-05-13 15:08:38] INFO ➜ Command "/tod" executed by minuettaro (454629351607107595)
[2025-05-13 15:08:39] INFO ➜ ✅ Success executing command "/tod"
[2025-05-13 15:08:45] INFO ➜ Command "/tod" executed by minuettaro (454629351607107595)
[2025-05-13 15:08:45] INFO ➜ ✅ Success executing command "/tod"
[2025-05-13 15:08:51] INFO ➜ Command "/tod" executed by minuettaro (454629351607107595)
[2025-05-13 15:08:52] INFO ➜ ✅ Success executing command "/tod"
[2025-05-13 15:09:38] INFO ➜ Registering slash commands...
[2025-05-13 15:09:42] INFO ➜ Registering slash commands...
[2025-05-13 15:09:42] INFO ➜ Slash commands registered!
[2025-05-13 15:09:44] INFO ➜ 🤖 Logged in as Skyfel#4587
[2025-05-13 15:09:50] INFO ➜ Registering slash commands...
[2025-05-13 15:10:00] INFO ➜ Registering slash commands...
[2025-05-13 15:10:20] INFO ➜ Registering slash commands...
[2025-05-13 15:10:21] INFO ➜ Slash commands registered!
[2025-05-13 15:10:22] INFO ➜ 🤖 Logged in as Skyfel#4587
[2025-05-13 15:10:32] INFO ➜ Registering slash commands...
[2025-05-13 15:11:09] INFO ➜ Slash commands registered!
[2025-05-13 15:11:11] INFO ➜ 🤖 Logged in as Skyfel#4587
[2025-05-13 15:11:18] INFO ➜ Registering slash commands...
[2025-05-13 15:11:19] INFO ➜ Slash commands registered!
[2025-05-13 15:11:20] INFO ➜ 🤖 Logged in as Skyfel#4587
[2025-05-13 15:11:47] INFO ➜ Command "/tod" executed by minuettaro (454629351607107595)
[2025-05-13 15:11:47] INFO ➜ ✅ Success executing command "/tod"
[2025-05-13 15:11:54] INFO ➜ Command "/tod" executed by minuettaro (454629351607107595)
[2025-05-13 15:11:54] INFO ➜ ✅ Success executing command "/tod"
[2025-05-13 15:12:00] INFO ➜ Command "/help" executed by minuettaro (454629351607107595)
[2025-05-13 15:12:01] INFO ➜ ✅ Success executing command "/help"
[2025-05-13 15:12:55] INFO ➜ Registering slash commands...
[2025-05-13 15:12:56] INFO ➜ Slash commands registered!
[2025-05-13 15:12:57] INFO ➜ 🤖 Logged in as Skyfel#4587
[2025-05-13 15:16:11] INFO ➜ Registering slash commands...
[2025-05-13 15:16:12] INFO ➜ Slash commands registered!
[2025-05-13 15:16:13] INFO ➜ 🤖 Logged in as Skyfel#4587
[2025-05-13 15:16:49] INFO ➜ Registering slash commands...
[2025-05-13 15:16:50] INFO ➜ Slash commands registered!
[2025-05-13 15:16:51] INFO ➜ 🤖 Logged in as Skyfel#4587
[2025-05-13 15:16:57] INFO ➜ Registering slash commands...
[2025-05-13 15:16:58] INFO ➜ Slash commands registered!
[2025-05-13 15:17:00] INFO ➜ 🤖 Logged in as Skyfel#4587
[2025-05-13 15:17:07] INFO ➜ Registering slash commands...
[2025-05-13 15:17:17] INFO ➜ Registering slash commands...
[2025-05-13 15:17:26] INFO ➜ Registering slash commands...
[2025-05-13 15:17:26] INFO ➜ Slash commands registered!
[2025-05-13 15:17:28] INFO ➜ 🤖 Logged in as Skyfel#4587
[2025-05-13 15:17:42] INFO ➜ Registering slash commands...
[2025-05-13 15:17:53] INFO ➜ Registering slash commands...
[2025-05-13 15:17:54] INFO ➜ Slash commands registered!
[2025-05-13 15:17:56] INFO ➜ 🤖 Logged in as Skyfel#4587
[2025-05-13 15:20:00] INFO ➜ Registering slash commands...
[2025-05-13 15:20:01] INFO ➜ Slash commands registered!
[2025-05-13 15:20:03] INFO ➜ 🤖 Logged in as Skyfel#4587
[2025-05-13 15:20:12] INFO ➜ Registering slash commands...
[2025-05-13 15:20:13] INFO ➜ Slash commands registered!
[2025-05-13 15:20:14] INFO ➜ 🤖 Logged in as Skyfel#4587
[2025-05-13 15:20:34] INFO ➜ Command "/tod" executed by minuettaro (454629351607107595)
[2025-05-13 15:20:34] INFO ➜ ✅ Success executing command "/tod"
[2025-05-13 15:20:41] INFO ➜ Command "/tod" executed by minuettaro (454629351607107595)
[2025-05-13 15:20:42] INFO ➜ ✅ Success executing command "/tod"
[2025-05-13 15:21:03] INFO ➜ Command "/tod" executed by minuettaro (454629351607107595)
[2025-05-13 15:21:03] INFO ➜ ✅ Success executing command "/tod"
[2025-05-13 15:26:50] INFO ➜ Registering slash commands...
[2025-05-13 15:26:51] INFO ➜ Slash commands registered!
[2025-05-13 15:26:52] INFO ➜ 🤖 Logged in as Skyfel#4587
[2025-05-13 15:44:33] INFO ➜ Registering slash commands...
[2025-05-13 15:44:33] INFO ➜ Slash commands registered!
[2025-05-13 15:44:35] INFO ➜ 🤖 Logged in as Skyfel#4587
[2025-05-13 15:57:10] INFO ➜ Registering slash commands...
[2025-05-13 15:57:11] INFO ➜ Slash commands registered!
[2025-05-13 15:57:12] INFO ➜ 🤖 Logged in as Skyfel#4587
[2025-05-13 15:57:18] INFO ➜ Command "/tod" executed by minuettaro (454629351607107595)
[2025-05-13 15:57:18] INFO ➜ Command "/tod" executed by minuettaro (454629351607107595)
[2025-05-13 15:57:18] INFO ➜ ✅ Success executing command "/tod"
[2025-05-13 16:00:13] INFO ➜ Command "/would-you-rather" executed by minuettaro (454629351607107595)
[2025-05-13 16:00:13] INFO ➜ ✅ Success executing command "/would-you-rather"
[2025-05-13 16:05:36] INFO ➜ Registering slash commands...
[2025-05-13 16:05:36] INFO ➜ Slash commands registered!
[2025-05-13 16:05:45] INFO ➜ Registering slash commands...
[2025-05-13 16:05:46] INFO ➜ Slash commands registered!
[2025-05-13 16:05:47] INFO ➜ 🤖 Logged in as Skyfel#4587
[2025-05-13 16:09:59] INFO ➜ Command "/tod" executed by minuettaro (454629351607107595)
[2025-05-13 16:09:59] INFO ➜ ✅ Success executing command "/tod"
[2025-05-13 16:12:32] INFO ➜ Command "/tod" executed by minuettaro (454629351607107595)
[2025-05-13 16:12:32] INFO ➜ ✅ Success executing command "/tod"
[2025-05-13 19:18:36] INFO ➜ Registering slash commands...
[2025-05-13 19:18:37] INFO ➜ Slash commands registered!
[2025-05-13 19:18:39] INFO ➜ 🤖 Logged in as Skyfel#4587
[2025-05-13 19:19:29] INFO ➜ Registering slash commands...
[2025-05-13 19:19:29] INFO ➜ Slash commands registered!
[2025-05-13 19:19:31] INFO ➜ 🤖 Logged in as Skyfel#4587
[2025-05-13 19:20:30] INFO ➜ Registering slash commands...
[2025-05-13 19:20:30] INFO ➜ Slash commands registered!
[2025-05-13 19:20:32] INFO ➜ 🤖 Logged in as Skyfel#4587
[2025-05-13 19:20:36] INFO ➜ Registering slash commands...
[2025-05-13 19:20:36] INFO ➜ Slash commands registered!
[2025-05-13 19:20:38] INFO ➜ 🤖 Logged in as Skyfel#4587
[2025-05-13 19:21:46] INFO ➜ Registering slash commands...
[2025-05-13 19:21:47] INFO ➜ Slash commands registered!
[2025-05-13 19:21:49] INFO ➜ 🤖 Logged in as Skyfel#4587
[2025-05-13 19:22:29] INFO ➜ Command "/stars" executed by minuettaro (454629351607107595)
[2025-05-13 19:23:39] INFO ➜ Registering slash commands...
[2025-05-13 19:23:39] INFO ➜ Slash commands registered!
[2025-05-13 19:23:41] INFO ➜ 🤖 Logged in as Skyfel#4587
[2025-05-13 19:23:59] INFO ➜ Registering slash commands...
[2025-05-13 19:24:00] INFO ➜ Slash commands registered!
[2025-05-13 19:24:01] INFO ➜ 🤖 Logged in as Skyfel#4587
[2025-05-13 19:24:59] INFO ➜ Registering slash commands...
[2025-05-13 19:25:00] INFO ➜ Slash commands registered!
[2025-05-13 19:25:02] INFO ➜ 🤖 Logged in as Skyfel#4587
[2025-05-13 19:25:06] INFO ➜ Command "/stars" executed by minuettaro (454629351607107595)
[2025-05-13 19:25:06] INFO ➜ ✅ Success executing command "/stars"
[2025-05-13 19:28:27] INFO ➜ Registering slash commands...
[2025-05-13 19:28:28] INFO ➜ Slash commands registered!
[2025-05-13 19:28:29] INFO ➜ 🤖 Logged in as Skyfel#4587
[2025-05-13 19:28:33] INFO ➜ Command "/stars" executed by minuettaro (454629351607107595)
[2025-05-13 19:29:06] INFO ➜ Registering slash commands...
[2025-05-13 19:29:06] INFO ➜ Slash commands registered!
[2025-05-13 19:29:08] INFO ➜ 🤖 Logged in as Skyfel#4587
[2025-05-13 19:29:17] INFO ➜ Registering slash commands...
[2025-05-13 19:29:17] INFO ➜ Slash commands registered!
[2025-05-13 19:29:19] INFO ➜ 🤖 Logged in as Skyfel#4587
[2025-05-13 19:29:23] INFO ➜ Command "/stars" executed by minuettaro (454629351607107595)
[2025-05-13 19:31:27] INFO ➜ Registering slash commands...
[2025-05-13 19:31:28] INFO ➜ Slash commands registered!
[2025-05-13 19:31:29] INFO ➜ 🤖 Logged in as Skyfel#4587
[2025-05-13 19:31:36] INFO ➜ Command "/stars" executed by minuettaro (454629351607107595)
[2025-05-13 19:31:37] INFO ➜ ✅ Success executing command "/stars"
[2025-05-13 19:34:32] INFO ➜ Registering slash commands...
[2025-05-13 19:34:32] INFO ➜ Slash commands registered!
[2025-05-13 19:34:34] INFO ➜ 🤖 Logged in as Skyfel#4587
[2025-05-13 19:34:38] INFO ➜ Command "/stars" executed by minuettaro (454629351607107595)
[2025-05-13 19:34:39] INFO ➜ ✅ Success executing command "/stars"
[2025-05-13 19:37:36] INFO ➜ Registering slash commands...
[2025-05-13 19:37:37] INFO ➜ Slash commands registered!
[2025-05-13 19:37:38] INFO ➜ 🤖 Logged in as Skyfel#4587
[2025-05-13 19:37:41] INFO ➜ Command "/stars" executed by minuettaro (454629351607107595)
[2025-05-13 19:37:42] INFO ➜ ✅ Success executing command "/stars"
[2025-05-13 19:37:55] INFO ➜ Registering slash commands...
[2025-05-13 19:37:55] INFO ➜ Slash commands registered!
[2025-05-13 19:37:57] INFO ➜ 🤖 Logged in as Skyfel#4587
[2025-05-13 19:37:59] INFO ➜ Command "/stars" executed by minuettaro (454629351607107595)
[2025-05-13 19:38:00] INFO ➜ ✅ Success executing command "/stars"
[2025-05-13 19:38:29] INFO ➜ Registering slash commands...
[2025-05-13 19:38:29] INFO ➜ Slash commands registered!
[2025-05-13 19:38:31] INFO ➜ 🤖 Logged in as Skyfel#4587
[2025-05-13 19:38:40] INFO ➜ Registering slash commands...
[2025-05-13 19:38:41] INFO ➜ Slash commands registered!
[2025-05-13 19:38:42] INFO ➜ 🤖 Logged in as Skyfel#4587
[2025-05-13 19:38:45] INFO ➜ Command "/stars" executed by minuettaro (454629351607107595)
[2025-05-13 19:38:46] INFO ➜ ✅ Success executing command "/stars"
[2025-05-13 19:50:49] INFO ➜ Registering slash commands...
[2025-05-13 19:50:50] INFO ➜ Slash commands registered!
[2025-05-13 19:50:51] INFO ➜ 🤖 Logged in as Skyfel#4587
[2025-05-13 19:51:00] INFO ➜ Registering slash commands...
[2025-05-13 19:51:01] INFO ➜ Slash commands registered!
[2025-05-13 19:51:05] INFO ➜ Registering slash commands...
[2025-05-13 19:51:16] INFO ➜ Registering slash commands...
[2025-05-13 19:51:27] INFO ➜ Registering slash commands...
[2025-05-13 19:51:28] INFO ➜ Slash commands registered!
[2025-05-13 19:51:29] INFO ➜ 🤖 Logged in as Skyfel#4587
[2025-05-13 19:52:05] INFO ➜ Registering slash commands...
[2025-05-13 19:52:06] INFO ➜ Slash commands registered!
[2025-05-13 19:52:07] INFO ➜ 🤖 Logged in as Skyfel#4587
[2025-05-13 19:52:11] INFO ➜ Registering slash commands...
[2025-05-13 19:52:23] INFO ➜ Registering slash commands...
[2025-05-13 19:52:24] INFO ➜ Slash commands registered!
[2025-05-13 19:52:28] INFO ➜ Registering slash commands...
[2025-05-13 19:52:37] INFO ➜ Registering slash commands...
[2025-05-13 19:52:45] INFO ➜ Registering slash commands...
[2025-05-13 19:53:35] INFO ➜ Registering slash commands...
[2025-05-13 19:53:36] INFO ➜ Slash commands registered!
[2025-05-13 19:53:38] INFO ➜ 🤖 Logged in as Skyfel#4587
[2025-05-13 19:58:09] INFO ➜ Registering slash commands...
[2025-05-13 19:58:10] INFO ➜ Slash commands registered!
[2025-05-13 19:58:11] INFO ➜ 🤖 Logged in as Skyfel#4587
[2025-05-13 19:58:32] INFO ➜ Command "/books" executed by minuettaro (454629351607107595)
[2025-05-13 19:58:34] INFO ➜ ✅ Success executing command "/books"
[2025-05-13 19:59:34] INFO ➜ Registering slash commands...
[2025-05-13 19:59:35] INFO ➜ Slash commands registered!
[2025-05-13 19:59:37] INFO ➜ 🤖 Logged in as Skyfel#4587
[2025-05-13 19:59:39] INFO ➜ Command "/books" executed by minuettaro (454629351607107595)
[2025-05-13 19:59:41] INFO ➜ ✅ Success executing command "/books"
[2025-05-13 20:00:52] INFO ➜ Registering slash commands...
[2025-05-13 20:00:52] INFO ➜ Slash commands registered!
[2025-05-13 20:00:54] INFO ➜ 🤖 Logged in as Skyfel#4587
[2025-05-13 20:01:24] INFO ➜ Registering slash commands...
[2025-05-13 20:01:25] INFO ➜ Slash commands registered!
[2025-05-13 20:01:27] INFO ➜ 🤖 Logged in as Skyfel#4587
[2025-05-13 20:01:31] INFO ➜ Command "/books" executed by minuettaro (454629351607107595)
[2025-05-13 20:01:33] INFO ➜ ✅ Success executing command "/books"
[2025-05-13 20:02:01] INFO ➜ Registering slash commands...
[2025-05-13 20:02:02] INFO ➜ Slash commands registered!
[2025-05-13 20:02:03] INFO ➜ 🤖 Logged in as Skyfel#4587
[2025-05-13 20:02:07] INFO ➜ Command "/books" executed by minuettaro (454629351607107595)
[2025-05-13 20:02:09] INFO ➜ ✅ Success executing command "/books"
[2025-05-13 20:02:35] INFO ➜ Registering slash commands...
[2025-05-13 20:02:36] INFO ➜ Slash commands registered!
[2025-05-13 20:02:37] INFO ➜ 🤖 Logged in as Skyfel#4587
[2025-05-13 20:02:48] INFO ➜ Command "/books" executed by minuettaro (454629351607107595)
[2025-05-13 20:02:51] INFO ➜ ✅ Success executing command "/books"
[2025-05-13 20:03:06] INFO ➜ Registering slash commands...
[2025-05-13 20:03:07] INFO ➜ Slash commands registered!
[2025-05-13 20:03:09] INFO ➜ 🤖 Logged in as Skyfel#4587
[2025-05-13 20:03:12] INFO ➜ Command "/books" executed by minuettaro (454629351607107595)
[2025-05-13 20:03:14] INFO ➜ ✅ Success executing command "/books"
[2025-05-13 20:03:29] INFO ➜ Registering slash commands...
[2025-05-13 20:03:29] INFO ➜ Slash commands registered!
[2025-05-13 20:03:31] INFO ➜ 🤖 Logged in as Skyfel#4587
[2025-05-13 20:03:35] INFO ➜ Command "/books" executed by minuettaro (454629351607107595)
[2025-05-13 20:03:37] INFO ➜ ✅ Success executing command "/books"
[2025-05-13 20:03:53] INFO ➜ Registering slash commands...
[2025-05-13 20:03:54] INFO ➜ Slash commands registered!
[2025-05-13 20:03:56] INFO ➜ 🤖 Logged in as Skyfel#4587
[2025-05-13 20:04:26] INFO ➜ Registering slash commands...
[2025-05-13 20:04:27] INFO ➜ Slash commands registered!
[2025-05-13 20:04:29] INFO ➜ 🤖 Logged in as Skyfel#4587
[2025-05-13 20:04:32] INFO ➜ Command "/books" executed by minuettaro (454629351607107595)
[2025-05-13 20:04:34] INFO ➜ ✅ Success executing command "/books"
[2025-05-13 20:04:48] INFO ➜ Registering slash commands...
[2025-05-13 20:04:48] INFO ➜ Slash commands registered!
[2025-05-13 20:04:50] INFO ➜ 🤖 Logged in as Skyfel#4587
[2025-05-13 20:05:01] INFO ➜ Registering slash commands...
[2025-05-13 20:05:11] INFO ➜ Registering slash commands...
[2025-05-13 20:05:12] INFO ➜ Slash commands registered!
[2025-05-13 20:05:14] INFO ➜ 🤖 Logged in as Skyfel#4587
[2025-05-13 20:05:20] INFO ➜ Command "/books" executed by minuettaro (454629351607107595)
[2025-05-13 20:05:22] INFO ➜ ✅ Success executing command "/books"
[2025-05-13 20:05:41] INFO ➜ Registering slash commands...
[2025-05-13 20:05:42] INFO ➜ Slash commands registered!
[2025-05-13 20:05:43] INFO ➜ 🤖 Logged in as Skyfel#4587
[2025-05-13 20:05:49] INFO ➜ Command "/books" executed by minuettaro (454629351607107595)
[2025-05-13 20:05:51] INFO ➜ ✅ Success executing command "/books"
[2025-05-13 20:06:27] INFO ➜ Registering slash commands...
[2025-05-13 20:06:27] INFO ➜ Slash commands registered!
[2025-05-13 20:06:29] INFO ➜ 🤖 Logged in as Skyfel#4587
[2025-05-13 20:06:35] INFO ➜ Command "/books" executed by minuettaro (454629351607107595)
[2025-05-13 20:06:37] INFO ➜ ✅ Success executing command "/books"
[2025-05-13 20:08:03] INFO ➜ Registering slash commands...
[2025-05-13 20:08:03] INFO ➜ Slash commands registered!
[2025-05-13 20:08:05] INFO ➜ 🤖 Logged in as Skyfel#4587
[2025-05-13 20:08:14] INFO ➜ Command "/books" executed by minuettaro (454629351607107595)
[2025-05-13 20:08:17] INFO ➜ ✅ Success executing command "/books"
[2025-05-13 20:12:06] INFO ➜ Registering slash commands...
[2025-05-13 20:12:07] INFO ➜ Slash commands registered!
[2025-05-13 20:12:08] INFO ➜ 🤖 Logged in as Skyfel#4587
[2025-05-13 20:14:27] INFO ➜ Registering slash commands...
[2025-05-13 20:14:28] INFO ➜ Slash commands registered!
[2025-05-13 20:14:30] INFO ➜ 🤖 Logged in as Skyfel#4587
[2025-05-13 20:20:04] INFO ➜ Registering slash commands...
[2025-05-13 20:20:06] INFO ➜ Slash commands registered!
[2025-05-13 20:20:08] INFO ➜ 🤖 Logged in as Skyfel#4587
[2025-05-13 20:20:12] INFO ➜ Command "/books" executed by minuettaro (454629351607107595)
[2025-05-13 20:20:15] INFO ➜ ✅ Success executing command "/books"
